app/build/intermediates/manifest_merge_blame_file/debug/manifest-merger-blame-debug-report.txt
1<?xml version="1.0" encoding="utf-8"?>
2<manifest xmlns:android="http://schemas.android.com/apk/res/android"
3    package="com.saucelabs.mydemoapp.android"
4    android:versionCode="1"
5    android:versionName="1.0.0" >
6
7    <uses-sdk
8        android:minSdkVersion="21"
8-->src/main/AndroidManifest.xml
9        android:targetSdkVersion="31" />
9-->src/main/AndroidManifest.xml
10
11    <uses-permission android:name="android.permission.CAMERA" />
11-->src/main/AndroidManifest.xml:6:2-62
11-->src/main/AndroidManifest.xml:6:19-59
12    <uses-permission android:name="android.permission.INTERNET" />
12-->src/main/AndroidManifest.xml:7:2-64
12-->src/main/AndroidManifest.xml:7:19-61
13    <uses-permission android:name="android.permission.FOREGROUND_SERVICE" />
13-->src/main/AndroidManifest.xml:8:2-74
13-->src/main/AndroidManifest.xml:8:19-71
14    <uses-permission android:name="android.permission.WAKE_LOCK" />
14-->src/main/AndroidManifest.xml:9:2-65
14-->src/main/AndroidManifest.xml:9:19-62
15    <uses-permission android:name="android.permission.WRITE_EXTERNAL_STORAGE" />
15-->src/main/AndroidManifest.xml:10:2-78
15-->src/main/AndroidManifest.xml:10:19-75
16    <uses-permission android:name="android.permission.READ_EXTERNAL_STORAGE" />
16-->src/main/AndroidManifest.xml:11:2-77
16-->src/main/AndroidManifest.xml:11:19-74
17    <uses-permission android:name="android.permission.ACCESS_COARSE_LOCATION" />
17-->src/main/AndroidManifest.xml:12:2-78
17-->src/main/AndroidManifest.xml:12:19-75
18    <uses-permission android:name="android.permission.ACCESS_FINE_LOCATION" />
18-->src/main/AndroidManifest.xml:13:2-76
18-->src/main/AndroidManifest.xml:13:19-73
19    <uses-permission android:name="android.permission.USE_BIOMETRIC" /> <!-- suppress DeprecatedClassUsageInspection -->
19-->[androidx.biometric:biometric:1.1.0] AndroidManifest.xml:24:5-72
19-->[androidx.biometric:biometric:1.1.0] AndroidManifest.xml:24:22-69
20    <uses-permission android:name="android.permission.USE_FINGERPRINT" />
20-->[androidx.biometric:biometric:1.1.0] AndroidManifest.xml:27:5-74
20-->[androidx.biometric:biometric:1.1.0] AndroidManifest.xml:27:22-71
21
22    <application
22-->src/main/AndroidManifest.xml:15:2-53:16
23        android:name="com.saucelabs.mydemoapp.android.MyApplication"
23-->src/main/AndroidManifest.xml:16:3-32
24        android:allowBackup="true"
24-->src/main/AndroidManifest.xml:17:3-29
25        android:appComponentFactory="androidx.core.app.CoreComponentFactory"
25-->[androidx.core:core:1.5.0] AndroidManifest.xml:24:18-86
26        android:debuggable="true"
27        android:icon="@mipmap/ic_launcher"
27-->src/main/AndroidManifest.xml:18:3-37
28        android:label="@string/app_name"
28-->src/main/AndroidManifest.xml:19:3-35
29        android:largeHeap="true"
29-->src/main/AndroidManifest.xml:20:3-27
30        android:roundIcon="@mipmap/ic_launcher_round"
30-->src/main/AndroidManifest.xml:21:3-48
31        android:supportsRtl="true"
31-->src/main/AndroidManifest.xml:22:3-29
32        android:theme="@style/AppTheme" >
32-->src/main/AndroidManifest.xml:23:3-34
33        <activity
33-->src/main/AndroidManifest.xml:25:3-33:14
34            android:name="com.saucelabs.mydemoapp.android.view.activities.SplashActivity"
34-->src/main/AndroidManifest.xml:26:4-50
35            android:exported="true" >
35-->src/main/AndroidManifest.xml:27:4-27
36            <intent-filter>
36-->src/main/AndroidManifest.xml:28:4-32:20
37                <action android:name="android.intent.action.MAIN" />
37-->src/main/AndroidManifest.xml:29:5-57
37-->src/main/AndroidManifest.xml:29:13-54
38
39                <category android:name="android.intent.category.LAUNCHER" />
39-->src/main/AndroidManifest.xml:31:5-65
39-->src/main/AndroidManifest.xml:31:15-62
40            </intent-filter>
41        </activity>
42        <activity
42-->src/main/AndroidManifest.xml:35:3-40:47
43            android:name="com.saucelabs.mydemoapp.android.view.activities.MainActivity"
43-->src/main/AndroidManifest.xml:36:4-48
44            android:configChanges="orientation|keyboardHidden|screenSize|locale"
44-->src/main/AndroidManifest.xml:37:4-72
45            android:screenOrientation="portrait"
45-->src/main/AndroidManifest.xml:38:4-40
46            android:windowSoftInputMode="stateHidden" />
46-->src/main/AndroidManifest.xml:39:4-45
47        <activity
47-->src/main/AndroidManifest.xml:41:3-46:47
48            android:name="com.saucelabs.mydemoapp.android.view.activities.DebugCrashActivity"
48-->src/main/AndroidManifest.xml:42:4-54
49            android:configChanges="orientation|keyboardHidden|screenSize|locale"
49-->src/main/AndroidManifest.xml:43:4-72
50            android:screenOrientation="portrait"
50-->src/main/AndroidManifest.xml:44:4-40
51            android:windowSoftInputMode="stateHidden" />
51-->src/main/AndroidManifest.xml:45:4-45
52        <activity
52-->src/main/AndroidManifest.xml:47:3-52:47
53            android:name="com.saucelabs.mydemoapp.android.view.activities.VirtualUsbActivity"
53-->src/main/AndroidManifest.xml:48:4-54
54            android:configChanges="orientation|keyboardHidden|screenSize|locale"
54-->src/main/AndroidManifest.xml:49:4-72
55            android:screenOrientation="portrait"
55-->src/main/AndroidManifest.xml:50:4-40
56            android:windowSoftInputMode="stateHidden" />
56-->src/main/AndroidManifest.xml:51:4-45
57
58        <service
58-->[androidx.room:room-runtime:2.4.2] AndroidManifest.xml:25:9-28:40
59            android:name="androidx.room.MultiInstanceInvalidationService"
59-->[androidx.room:room-runtime:2.4.2] AndroidManifest.xml:26:13-74
60            android:directBootAware="true"
60-->[androidx.room:room-runtime:2.4.2] AndroidManifest.xml:27:13-43
61            android:exported="false" />
61-->[androidx.room:room-runtime:2.4.2] AndroidManifest.xml:28:13-37
62        <service
62-->[androidx.camera:camera-camera2:1.1.0] AndroidManifest.xml:26:9-35:19
63            android:name="androidx.camera.core.impl.MetadataHolderService"
63-->[androidx.camera:camera-camera2:1.1.0] AndroidManifest.xml:27:13-75
64            android:enabled="false"
64-->[androidx.camera:camera-camera2:1.1.0] AndroidManifest.xml:28:13-36
65            android:exported="false" >
65-->[androidx.camera:camera-camera2:1.1.0] AndroidManifest.xml:29:13-37
66            <meta-data
66-->[androidx.camera:camera-camera2:1.1.0] AndroidManifest.xml:32:13-34:89
67                android:name="androidx.camera.core.impl.MetadataHolderService.DEFAULT_CONFIG_PROVIDER"
67-->[androidx.camera:camera-camera2:1.1.0] AndroidManifest.xml:33:17-103
68                android:value="androidx.camera.camera2.Camera2Config$DefaultProvider" />
68-->[androidx.camera:camera-camera2:1.1.0] AndroidManifest.xml:34:17-86
69        </service>
70
71        <activity
71-->[com.google.android.gms:play-services-base:17.5.0] AndroidManifest.xml:23:9-26:75
72            android:name="com.google.android.gms.common.api.GoogleApiActivity"
72-->[com.google.android.gms:play-services-base:17.5.0] AndroidManifest.xml:24:13-79
73            android:exported="false"
73-->[com.google.android.gms:play-services-base:17.5.0] AndroidManifest.xml:25:13-37
74            android:theme="@android:style/Theme.Translucent.NoTitleBar" />
74-->[com.google.android.gms:play-services-base:17.5.0] AndroidManifest.xml:26:13-72
75
76        <meta-data
76-->[com.google.android.gms:play-services-basement:17.5.0] AndroidManifest.xml:23:9-25:69
77            android:name="com.google.android.gms.version"
77-->[com.google.android.gms:play-services-basement:17.5.0] AndroidManifest.xml:24:13-58
78            android:value="@integer/google_play_services_version" />
78-->[com.google.android.gms:play-services-basement:17.5.0] AndroidManifest.xml:25:13-66
79
80        <provider
80-->[androidx.lifecycle:lifecycle-process:2.0.0] AndroidManifest.xml:23:9-27:43
81            android:name="androidx.lifecycle.ProcessLifecycleOwnerInitializer"
81-->[androidx.lifecycle:lifecycle-process:2.0.0] AndroidManifest.xml:24:13-79
82            android:authorities="com.saucelabs.mydemoapp.android.lifecycle-process"
82-->[androidx.lifecycle:lifecycle-process:2.0.0] AndroidManifest.xml:25:13-69
83            android:exported="false"
83-->[androidx.lifecycle:lifecycle-process:2.0.0] AndroidManifest.xml:26:13-37
84            android:multiprocess="true" />
84-->[androidx.lifecycle:lifecycle-process:2.0.0] AndroidManifest.xml:27:13-40
85    </application>
86
87</manifest>